<?xml version="1.0" encoding="UTF-8"?>
<!-- Generated by org.testng.reporters.JUnitReportReporter -->
<testsuite hostname="INLEN8520015125" failures="0" tests="1" name="Repository.ExtendsTest" time="8.614" errors="0" timestamp="2023-09-07T10:16:31 IST" skipped="0">
  <testcase classname="Repository.ExtendsTest" name="verifyTitle" time="8.614"/>
</testsuite> <!-- Repository.ExtendsTest -->
