<?xml version="1.0" encoding="UTF-8"?>
<!-- Generated by org.testng.reporters.JUnitReportReporter -->
<testsuite hostname="INLEN8520015125" failures="0" tests="1" name="Repository.Repotest" time="7.432" errors="0" timestamp="2023-09-07T09:51:31 IST" skipped="0">
  <testcase classname="Repository.Repotest" name="testobj" time="7.432"/>
</testsuite> <!-- Repository.Repotest -->
